<?xml version="1.0" encoding="utf-8"?><testsuites name="pytest tests"><testsuite name="pytest" errors="0" failures="0" skipped="0" tests="16" time="60.867" timestamp="2026-03-06T23:41:25.161686+00:00" hostname="agent-env-b37d5a63-07fd-457b-8d3b-f68358896126"><testcase classname="backend.tests.test_restore_functionality.TestAuthAndSetup" name="test_login_success" time="1.847" /><testcase classname="backend.tests.test_restore_functionality.TestAuthAndSetup" name="test_api_root" time="0.120" /><testcase classname="backend.tests.test_restore_functionality.TestDeleteSavesDatosCompletos" name="test_delete_marca_saves_datos_completos" time="5.990" /><testcase classname="backend.tests.test_restore_functionality.TestDeleteSavesDatosCompletos" name="test_delete_hilo_saves_datos_completos" time="4.612" /><testcase classname="backend.tests.test_restore_functionality.TestRestoreEndpoint" name="test_restore_marca_success" time="8.492" /><testcase classname="backend.tests.test_restore_functionality.TestRestoreEndpoint" name="test_restore_creates_restaurar_audit_log" time="9.223" /><testcase classname="backend.tests.test_restore_functionality.TestRestoreEndpoint" name="test_restore_rejects_non_eliminar_log" time="4.983" /><testcase classname="backend.tests.test_restore_functionality.TestRestoreEndpoint" name="test_restore_not_found_log" time="0.955" /><testcase classname="backend.tests.test_restore_functionality.TestAuditLogEndpoints" name="test_get_audit_logs" time="2.133" /><testcase classname="backend.tests.test_restore_functionality.TestAuditLogEndpoints" name="test_filter_audit_logs_by_entidad" time="1.382" /><testcase classname="backend.tests.test_restore_functionality.TestAuditLogEndpoints" name="test_filter_audit_logs_by_accion" time="1.411" /><testcase classname="backend.tests.test_restore_functionality.TestAuditLogEndpoints" name="test_filter_by_restaurar_action" time="1.090" /><testcase classname="backend.tests.test_restore_functionality.TestAuditLogEndpoints" name="test_get_audit_entities" time="1.104" /><testcase classname="backend.tests.test_restore_functionality.TestAuditLogEndpoints" name="test_get_audit_stats" time="1.656" /><testcase classname="backend.tests.test_restore_functionality.TestRestoreVariousEntities" name="test_restore_tipo_producto" time="8.291" /><testcase classname="backend.tests.test_restore_functionality.TestRestoreVariousEntities" name="test_restore_entalle" time="7.474" /></testsuite></testsuites>